  源.cpp
d:\段春娇的文件\乔妹的\学习\学习c语言\c语言代码\黑白棋大战\黑白棋大战\源.cpp(44): warning C4996: 'fopen': This function or variable may be unsafe. Consider using fopen_s instead. To disable deprecation, use _CRT_SECURE_NO_WARNINGS. See online help for details.
  c:\program files (x86)\windows kits\10\include\10.0.17134.0\ucrt\stdio.h(208): note: 参见“fopen”的声明
d:\段春娇的文件\乔妹的\学习\学习c语言\c语言代码\黑白棋大战\黑白棋大战\源.cpp(46): warning C4996: 'fscanf': This function or variable may be unsafe. Consider using fscanf_s instead. To disable deprecation, use _CRT_SECURE_NO_WARNINGS. See online help for details.
  c:\program files (x86)\windows kits\10\include\10.0.17134.0\ucrt\stdio.h(1197): note: 参见“fscanf”的声明
d:\段春娇的文件\乔妹的\学习\学习c语言\c语言代码\黑白棋大战\黑白棋大战\源.cpp(55): warning C4996: 'fopen': This function or variable may be unsafe. Consider using fopen_s instead. To disable deprecation, use _CRT_SECURE_NO_WARNINGS. See online help for details.
  c:\program files (x86)\windows kits\10\include\10.0.17134.0\ucrt\stdio.h(208): note: 参见“fopen”的声明
d:\段春娇的文件\乔妹的\学习\学习c语言\c语言代码\黑白棋大战\黑白棋大战\源.cpp(111): warning C4996: 'getch': The POSIX name for this item is deprecated. Instead, use the ISO C and C++ conformant name: _getch. See online help for details.
  c:\program files (x86)\windows kits\10\include\10.0.17134.0\ucrt\conio.h(453): note: 参见“getch”的声明
d:\段春娇的文件\乔妹的\学习\学习c语言\c语言代码\黑白棋大战\黑白棋大战\源.cpp(130): warning C4996: 'scanf': This function or variable may be unsafe. Consider using scanf_s instead. To disable deprecation, use _CRT_SECURE_NO_WARNINGS. See online help for details.
  c:\program files (x86)\windows kits\10\include\10.0.17134.0\ucrt\stdio.h(1274): note: 参见“scanf”的声明
d:\段春娇的文件\乔妹的\学习\学习c语言\c语言代码\黑白棋大战\黑白棋大战\源.cpp(144): warning C4996: 'getch': The POSIX name for this item is deprecated. Instead, use the ISO C and C++ conformant name: _getch. See online help for details.
  c:\program files (x86)\windows kits\10\include\10.0.17134.0\ucrt\conio.h(453): note: 参见“getch”的声明
d:\段春娇的文件\乔妹的\学习\学习c语言\c语言代码\黑白棋大战\黑白棋大战\源.cpp(170): warning C4474: scanf: 格式字符串中传递的参数太多
  d:\段春娇的文件\乔妹的\学习\学习c语言\c语言代码\黑白棋大战\黑白棋大战\源.cpp(170): note: 占位符和其参数预计 1 可变参数，但提供的却是 2 参数
d:\段春娇的文件\乔妹的\学习\学习c语言\c语言代码\黑白棋大战\黑白棋大战\源.cpp(170): warning C4996: 'scanf': This function or variable may be unsafe. Consider using scanf_s instead. To disable deprecation, use _CRT_SECURE_NO_WARNINGS. See online help for details.
  c:\program files (x86)\windows kits\10\include\10.0.17134.0\ucrt\stdio.h(1274): note: 参见“scanf”的声明
d:\段春娇的文件\乔妹的\学习\学习c语言\c语言代码\黑白棋大战\黑白棋大战\源.cpp(212): warning C4474: scanf: 格式字符串中传递的参数太多
  d:\段春娇的文件\乔妹的\学习\学习c语言\c语言代码\黑白棋大战\黑白棋大战\源.cpp(212): note: 占位符和其参数预计 1 可变参数，但提供的却是 2 参数
d:\段春娇的文件\乔妹的\学习\学习c语言\c语言代码\黑白棋大战\黑白棋大战\源.cpp(212): warning C4996: 'scanf': This function or variable may be unsafe. Consider using scanf_s instead. To disable deprecation, use _CRT_SECURE_NO_WARNINGS. See online help for details.
  c:\program files (x86)\windows kits\10\include\10.0.17134.0\ucrt\stdio.h(1274): note: 参见“scanf”的声明
d:\段春娇的文件\乔妹的\学习\学习c语言\c语言代码\黑白棋大战\黑白棋大战\源.cpp(70): warning C4101: “fp”: 未引用的局部变量
d:\段春娇的文件\乔妹的\学习\学习c语言\c语言代码\黑白棋大战\黑白棋大战\源.cpp(591): warning C4996: 'getche': The POSIX name for this item is deprecated. Instead, use the ISO C and C++ conformant name: _getche. See online help for details.
  c:\program files (x86)\windows kits\10\include\10.0.17134.0\ucrt\conio.h(456): note: 参见“getche”的声明
d:\段春娇的文件\乔妹的\学习\学习c语言\c语言代码\黑白棋大战\黑白棋大战\源.cpp(571): warning C4101: “c”: 未引用的局部变量
  黑白棋大战.vcxproj -> D:\段春娇的文件\乔妹的\学习\学习C语言\C语言代码\黑白棋大战\Debug\黑白棋大战.exe
